<?xml version="1.0" encoding="UTF-8"?>
<testsuite xmlns:xsi="http://www.w3.org/2001/XMLSchema-instance" xsi:noNamespaceSchemaLocation="https://maven.apache.org/surefire/maven-surefire-plugin/xsd/surefire-test-report-3.0.xsd" version="3.0" name="com.billingsystem.InvoiceMaster.InvoiceMasterApplicationTests" time="1.042" tests="1" errors="0" skipped="0" failures="0">
  <properties>
    <property name="java.specification.version" value="23"/>
    <property name="sun.jnu.encoding" value="UTF-8"/>
    <property name="java.class.path" value="/Users/anitageorge/Downloads/JAVA/Gitlab/Invoicer/target/test-classes:/Users/anitageorge/Downloads/JAVA/Gitlab/Invoicer/target/classes:/Users/anitageorge/.m2/repository/org/springframework/boot/spring-boot-starter-web/3.3.5/spring-boot-starter-web-3.3.5.jar:/Users/anitageorge/.m2/repository/org/springframework/boot/spring-boot-starter/3.3.5/spring-boot-starter-3.3.5.jar:/Users/anitageorge/.m2/repository/org/springframework/boot/spring-boot/3.3.5/spring-boot-3.3.5.jar:/Users/anitageorge/.m2/repository/org/springframework/boot/spring-boot-autoconfigure/3.3.5/spring-boot-autoconfigure-3.3.5.jar:/Users/anitageorge/.m2/repository/jakarta/annotation/jakarta.annotation-api/2.1.1/jakarta.annotation-api-2.1.1.jar:/Users/anitageorge/.m2/repository/org/yaml/snakeyaml/2.2/snakeyaml-2.2.jar:/Users/anitageorge/.m2/repository/org/springframework/boot/spring-boot-starter-json/3.3.5/spring-boot-starter-json-3.3.5.jar:/Users/anitageorge/.m2/repository/com/fasterxml/jackson/datatype/jackson-datatype-jdk8/2.17.2/jackson-datatype-jdk8-2.17.2.jar:/Users/anitageorge/.m2/repository/com/fasterxml/jackson/datatype/jackson-datatype-jsr310/2.17.2/jackson-datatype-jsr310-2.17.2.jar:/Users/anitageorge/.m2/repository/com/fasterxml/jackson/module/jackson-module-parameter-names/2.17.2/jackson-module-parameter-names-2.17.2.jar:/Users/anitageorge/.m2/repository/org/springframework/boot/spring-boot-starter-tomcat/3.3.5/spring-boot-starter-tomcat-3.3.5.jar:/Users/anitageorge/.m2/repository/org/apache/tomcat/embed/tomcat-embed-core/10.1.31/tomcat-embed-core-10.1.31.jar:/Users/anitageorge/.m2/repository/org/apache/tomcat/embed/tomcat-embed-el/10.1.31/tomcat-embed-el-10.1.31.jar:/Users/anitageorge/.m2/repository/org/apache/tomcat/embed/tomcat-embed-websocket/10.1.31/tomcat-embed-websocket-10.1.31.jar:/Users/anitageorge/.m2/repository/org/springframework/spring-web/6.1.14/spring-web-6.1.14.jar:/Users/anitageorge/.m2/repository/org/springframework/spring-beans/6.1.14/spring-beans-6.1.14.jar:/Users/anitageorge/.m2/repository/io/micrometer/micrometer-observation/1.13.6/micrometer-observation-1.13.6.jar:/Users/anitageorge/.m2/repository/io/micrometer/micrometer-commons/1.13.6/micrometer-commons-1.13.6.jar:/Users/anitageorge/.m2/repository/org/springframework/spring-webmvc/6.1.14/spring-webmvc-6.1.14.jar:/Users/anitageorge/.m2/repository/org/springframework/spring-aop/6.1.14/spring-aop-6.1.14.jar:/Users/anitageorge/.m2/repository/org/springframework/spring-context/6.1.14/spring-context-6.1.14.jar:/Users/anitageorge/.m2/repository/org/springframework/spring-expression/6.1.14/spring-expression-6.1.14.jar:/Users/anitageorge/.m2/repository/net/sf/jasperreports/jasperreports/7.0.1/jasperreports-7.0.1.jar:/Users/anitageorge/.m2/repository/commons-logging/commons-logging/1.3.0/commons-logging-1.3.0.jar:/Users/anitageorge/.m2/repository/org/apache/commons/commons-collections4/4.4/commons-collections4-4.4.jar:/Users/anitageorge/.m2/repository/com/fasterxml/jackson/core/jackson-core/2.17.2/jackson-core-2.17.2.jar:/Users/anitageorge/.m2/repository/com/fasterxml/jackson/core/jackson-annotations/2.17.2/jackson-annotations-2.17.2.jar:/Users/anitageorge/.m2/repository/com/fasterxml/jackson/core/jackson-databind/2.17.2/jackson-databind-2.17.2.jar:/Users/anitageorge/.m2/repository/com/fasterxml/jackson/dataformat/jackson-dataformat-xml/2.17.2/jackson-dataformat-xml-2.17.2.jar:/Users/anitageorge/.m2/repository/org/codehaus/woodstox/stax2-api/4.2.2/stax2-api-4.2.2.jar:/Users/anitageorge/.m2/repository/com/fasterxml/woodstox/woodstox-core/6.7.0/woodstox-core-6.7.0.jar:/Users/anitageorge/.m2/repository/org/apache/xmlgraphics/batik-anim/1.17/batik-anim-1.17.jar:/Users/anitageorge/.m2/repository/org/apache/xmlgraphics/batik-ext/1.17/batik-ext-1.17.jar:/Users/anitageorge/.m2/repository/org/apache/xmlgraphics/batik-parser/1.17/batik-parser-1.17.jar:/Users/anitageorge/.m2/repository/org/apache/xmlgraphics/batik-shared-resources/1.17/batik-shared-resources-1.17.jar:/Users/anitageorge/.m2/repository/org/apache/xmlgraphics/batik-bridge/1.17/batik-bridge-1.17.jar:/Users/anitageorge/.m2/repository/org/apache/xmlgraphics/batik-script/1.17/batik-script-1.17.jar:/Users/anitageorge/.m2/repository/org/apache/xmlgraphics/batik-xml/1.17/batik-xml-1.17.jar:/Users/anitageorge/.m2/repository/org/apache/xmlgraphics/xmlgraphics-commons/2.9/xmlgraphics-commons-2.9.jar:/Users/anitageorge/.m2/repository/commons-io/commons-io/2.11.0/commons-io-2.11.0.jar:/Users/anitageorge/.m2/repository/org/apache/xmlgraphics/batik-dom/1.17/batik-dom-1.17.jar:/Users/anitageorge/.m2/repository/org/apache/xmlgraphics/batik-svg-dom/1.17/batik-svg-dom-1.17.jar:/Users/anitageorge/.m2/repository/org/apache/xmlgraphics/batik-awt-util/1.17/batik-awt-util-1.17.jar:/Users/anitageorge/.m2/repository/org/apache/xmlgraphics/batik-gvt/1.17/batik-gvt-1.17.jar:/Users/anitageorge/.m2/repository/org/apache/xmlgraphics/batik-util/1.17/batik-util-1.17.jar:/Users/anitageorge/.m2/repository/org/apache/xmlgraphics/batik-i18n/1.17/batik-i18n-1.17.jar:/Users/anitageorge/.m2/repository/org/apache/xmlgraphics/batik-constants/1.17/batik-constants-1.17.jar:/Users/anitageorge/.m2/repository/org/apache/xmlgraphics/batik-css/1.17/batik-css-1.17.jar:/Users/anitageorge/.m2/repository/xml-apis/xml-apis-ext/1.3.04/xml-apis-ext-1.3.04.jar:/Users/anitageorge/.m2/repository/commons-beanutils/commons-beanutils/1.9.4/commons-beanutils-1.9.4.jar:/Users/anitageorge/.m2/repository/commons-collections/commons-collections/3.2.2/commons-collections-3.2.2.jar:/Users/anitageorge/.m2/repository/net/sf/jasperreports/jasperreports-pdf/7.0.1/jasperreports-pdf-7.0.1.jar:/Users/anitageorge/.m2/repository/com/github/librepdf/openpdf/1.3.32/openpdf-1.3.32.jar:/Users/anitageorge/.m2/repository/com/adobe/xmp/xmpcore/6.1.11/xmpcore-6.1.11.jar:/Users/anitageorge/.m2/repository/org/springframework/boot/spring-boot-starter-logging/3.3.5/spring-boot-starter-logging-3.3.5.jar:/Users/anitageorge/.m2/repository/ch/qos/logback/logback-classic/1.5.11/logback-classic-1.5.11.jar:/Users/anitageorge/.m2/repository/ch/qos/logback/logback-core/1.5.11/logback-core-1.5.11.jar:/Users/anitageorge/.m2/repository/org/slf4j/slf4j-api/2.0.16/slf4j-api-2.0.16.jar:/Users/anitageorge/.m2/repository/org/apache/logging/log4j/log4j-to-slf4j/2.23.1/log4j-to-slf4j-2.23.1.jar:/Users/anitageorge/.m2/repository/org/apache/logging/log4j/log4j-api/2.23.1/log4j-api-2.23.1.jar:/Users/anitageorge/.m2/repository/org/slf4j/jul-to-slf4j/2.0.16/jul-to-slf4j-2.0.16.jar:/Users/anitageorge/.m2/repository/org/springframework/boot/spring-boot-starter-test/3.3.5/spring-boot-starter-test-3.3.5.jar:/Users/anitageorge/.m2/repository/org/springframework/boot/spring-boot-test/3.3.5/spring-boot-test-3.3.5.jar:/Users/anitageorge/.m2/repository/org/springframework/boot/spring-boot-test-autoconfigure/3.3.5/spring-boot-test-autoconfigure-3.3.5.jar:/Users/anitageorge/.m2/repository/com/jayway/jsonpath/json-path/2.9.0/json-path-2.9.0.jar:/Users/anitageorge/.m2/repository/jakarta/xml/bind/jakarta.xml.bind-api/4.0.2/jakarta.xml.bind-api-4.0.2.jar:/Users/anitageorge/.m2/repository/jakarta/activation/jakarta.activation-api/2.1.3/jakarta.activation-api-2.1.3.jar:/Users/anitageorge/.m2/repository/net/minidev/json-smart/2.5.1/json-smart-2.5.1.jar:/Users/anitageorge/.m2/repository/net/minidev/accessors-smart/2.5.1/accessors-smart-2.5.1.jar:/Users/anitageorge/.m2/repository/org/ow2/asm/asm/9.6/asm-9.6.jar:/Users/anitageorge/.m2/repository/org/assertj/assertj-core/3.25.3/assertj-core-3.25.3.jar:/Users/anitageorge/.m2/repository/net/bytebuddy/byte-buddy/1.14.19/byte-buddy-1.14.19.jar:/Users/anitageorge/.m2/repository/org/awaitility/awaitility/4.2.2/awaitility-4.2.2.jar:/Users/anitageorge/.m2/repository/org/hamcrest/hamcrest/2.2/hamcrest-2.2.jar:/Users/anitageorge/.m2/repository/org/junit/jupiter/junit-jupiter/5.10.5/junit-jupiter-5.10.5.jar:/Users/anitageorge/.m2/repository/org/junit/jupiter/junit-jupiter-api/5.10.5/junit-jupiter-api-5.10.5.jar:/Users/anitageorge/.m2/repository/org/opentest4j/opentest4j/1.3.0/opentest4j-1.3.0.jar:/Users/anitageorge/.m2/repository/org/junit/platform/junit-platform-commons/1.10.5/junit-platform-commons-1.10.5.jar:/Users/anitageorge/.m2/repository/org/apiguardian/apiguardian-api/1.1.2/apiguardian-api-1.1.2.jar:/Users/anitageorge/.m2/repository/org/junit/jupiter/junit-jupiter-params/5.10.5/junit-jupiter-params-5.10.5.jar:/Users/anitageorge/.m2/repository/org/junit/jupiter/junit-jupiter-engine/5.10.5/junit-jupiter-engine-5.10.5.jar:/Users/anitageorge/.m2/repository/org/junit/platform/junit-platform-engine/1.10.5/junit-platform-engine-1.10.5.jar:/Users/anitageorge/.m2/repository/org/mockito/mockito-core/5.11.0/mockito-core-5.11.0.jar:/Users/anitageorge/.m2/repository/net/bytebuddy/byte-buddy-agent/1.14.19/byte-buddy-agent-1.14.19.jar:/Users/anitageorge/.m2/repository/org/objenesis/objenesis/3.3/objenesis-3.3.jar:/Users/anitageorge/.m2/repository/org/mockito/mockito-junit-jupiter/5.11.0/mockito-junit-jupiter-5.11.0.jar:/Users/anitageorge/.m2/repository/org/skyscreamer/jsonassert/1.5.3/jsonassert-1.5.3.jar:/Users/anitageorge/.m2/repository/com/vaadin/external/google/android-json/0.0.20131108.vaadin1/android-json-0.0.20131108.vaadin1.jar:/Users/anitageorge/.m2/repository/org/springframework/spring-core/6.1.14/spring-core-6.1.14.jar:/Users/anitageorge/.m2/repository/org/springframework/spring-jcl/6.1.14/spring-jcl-6.1.14.jar:/Users/anitageorge/.m2/repository/org/springframework/spring-test/6.1.14/spring-test-6.1.14.jar:/Users/anitageorge/.m2/repository/org/xmlunit/xmlunit-core/2.9.1/xmlunit-core-2.9.1.jar:"/>
    <property name="java.vm.vendor" value="Oracle Corporation"/>
    <property name="sun.arch.data.model" value="64"/>
    <property name="java.vendor.url" value="https://java.oracle.com/"/>
    <property name="user.timezone" value="Asia/Kolkata"/>
    <property name="os.name" value="Mac OS X"/>
    <property name="java.vm.specification.version" value="23"/>
    <property name="sun.java.launcher" value="SUN_STANDARD"/>
    <property name="user.country" value="US"/>
    <property name="sun.boot.library.path" value="/Users/anitageorge/Library/Java/JavaVirtualMachines/openjdk-23.0.1/Contents/Home/lib"/>
    <property name="sun.java.command" value="/Users/anitageorge/Downloads/JAVA/Gitlab/Invoicer/target/surefire/surefirebooter-20241106153356102_3.jar /Users/anitageorge/Downloads/JAVA/Gitlab/Invoicer/target/surefire 2024-11-06T15-33-56_068-jvmRun1 surefire-20241106153356102_1tmp surefire_0-20241106153356102_2tmp"/>
    <property name="http.nonProxyHosts" value="local|*.local|169.254/16|*.169.254/16"/>
    <property name="jdk.debug" value="release"/>
    <property name="surefire.test.class.path" value="/Users/anitageorge/Downloads/JAVA/Gitlab/Invoicer/target/test-classes:/Users/anitageorge/Downloads/JAVA/Gitlab/Invoicer/target/classes:/Users/anitageorge/.m2/repository/org/springframework/boot/spring-boot-starter-web/3.3.5/spring-boot-starter-web-3.3.5.jar:/Users/anitageorge/.m2/repository/org/springframework/boot/spring-boot-starter/3.3.5/spring-boot-starter-3.3.5.jar:/Users/anitageorge/.m2/repository/org/springframework/boot/spring-boot/3.3.5/spring-boot-3.3.5.jar:/Users/anitageorge/.m2/repository/org/springframework/boot/spring-boot-autoconfigure/3.3.5/spring-boot-autoconfigure-3.3.5.jar:/Users/anitageorge/.m2/repository/jakarta/annotation/jakarta.annotation-api/2.1.1/jakarta.annotation-api-2.1.1.jar:/Users/anitageorge/.m2/repository/org/yaml/snakeyaml/2.2/snakeyaml-2.2.jar:/Users/anitageorge/.m2/repository/org/springframework/boot/spring-boot-starter-json/3.3.5/spring-boot-starter-json-3.3.5.jar:/Users/anitageorge/.m2/repository/com/fasterxml/jackson/datatype/jackson-datatype-jdk8/2.17.2/jackson-datatype-jdk8-2.17.2.jar:/Users/anitageorge/.m2/repository/com/fasterxml/jackson/datatype/jackson-datatype-jsr310/2.17.2/jackson-datatype-jsr310-2.17.2.jar:/Users/anitageorge/.m2/repository/com/fasterxml/jackson/module/jackson-module-parameter-names/2.17.2/jackson-module-parameter-names-2.17.2.jar:/Users/anitageorge/.m2/repository/org/springframework/boot/spring-boot-starter-tomcat/3.3.5/spring-boot-starter-tomcat-3.3.5.jar:/Users/anitageorge/.m2/repository/org/apache/tomcat/embed/tomcat-embed-core/10.1.31/tomcat-embed-core-10.1.31.jar:/Users/anitageorge/.m2/repository/org/apache/tomcat/embed/tomcat-embed-el/10.1.31/tomcat-embed-el-10.1.31.jar:/Users/anitageorge/.m2/repository/org/apache/tomcat/embed/tomcat-embed-websocket/10.1.31/tomcat-embed-websocket-10.1.31.jar:/Users/anitageorge/.m2/repository/org/springframework/spring-web/6.1.14/spring-web-6.1.14.jar:/Users/anitageorge/.m2/repository/org/springframework/spring-beans/6.1.14/spring-beans-6.1.14.jar:/Users/anitageorge/.m2/repository/io/micrometer/micrometer-observation/1.13.6/micrometer-observation-1.13.6.jar:/Users/anitageorge/.m2/repository/io/micrometer/micrometer-commons/1.13.6/micrometer-commons-1.13.6.jar:/Users/anitageorge/.m2/repository/org/springframework/spring-webmvc/6.1.14/spring-webmvc-6.1.14.jar:/Users/anitageorge/.m2/repository/org/springframework/spring-aop/6.1.14/spring-aop-6.1.14.jar:/Users/anitageorge/.m2/repository/org/springframework/spring-context/6.1.14/spring-context-6.1.14.jar:/Users/anitageorge/.m2/repository/org/springframework/spring-expression/6.1.14/spring-expression-6.1.14.jar:/Users/anitageorge/.m2/repository/net/sf/jasperreports/jasperreports/7.0.1/jasperreports-7.0.1.jar:/Users/anitageorge/.m2/repository/commons-logging/commons-logging/1.3.0/commons-logging-1.3.0.jar:/Users/anitageorge/.m2/repository/org/apache/commons/commons-collections4/4.4/commons-collections4-4.4.jar:/Users/anitageorge/.m2/repository/com/fasterxml/jackson/core/jackson-core/2.17.2/jackson-core-2.17.2.jar:/Users/anitageorge/.m2/repository/com/fasterxml/jackson/core/jackson-annotations/2.17.2/jackson-annotations-2.17.2.jar:/Users/anitageorge/.m2/repository/com/fasterxml/jackson/core/jackson-databind/2.17.2/jackson-databind-2.17.2.jar:/Users/anitageorge/.m2/repository/com/fasterxml/jackson/dataformat/jackson-dataformat-xml/2.17.2/jackson-dataformat-xml-2.17.2.jar:/Users/anitageorge/.m2/repository/org/codehaus/woodstox/stax2-api/4.2.2/stax2-api-4.2.2.jar:/Users/anitageorge/.m2/repository/com/fasterxml/woodstox/woodstox-core/6.7.0/woodstox-core-6.7.0.jar:/Users/anitageorge/.m2/repository/org/apache/xmlgraphics/batik-anim/1.17/batik-anim-1.17.jar:/Users/anitageorge/.m2/repository/org/apache/xmlgraphics/batik-ext/1.17/batik-ext-1.17.jar:/Users/anitageorge/.m2/repository/org/apache/xmlgraphics/batik-parser/1.17/batik-parser-1.17.jar:/Users/anitageorge/.m2/repository/org/apache/xmlgraphics/batik-shared-resources/1.17/batik-shared-resources-1.17.jar:/Users/anitageorge/.m2/repository/org/apache/xmlgraphics/batik-bridge/1.17/batik-bridge-1.17.jar:/Users/anitageorge/.m2/repository/org/apache/xmlgraphics/batik-script/1.17/batik-script-1.17.jar:/Users/anitageorge/.m2/repository/org/apache/xmlgraphics/batik-xml/1.17/batik-xml-1.17.jar:/Users/anitageorge/.m2/repository/org/apache/xmlgraphics/xmlgraphics-commons/2.9/xmlgraphics-commons-2.9.jar:/Users/anitageorge/.m2/repository/commons-io/commons-io/2.11.0/commons-io-2.11.0.jar:/Users/anitageorge/.m2/repository/org/apache/xmlgraphics/batik-dom/1.17/batik-dom-1.17.jar:/Users/anitageorge/.m2/repository/org/apache/xmlgraphics/batik-svg-dom/1.17/batik-svg-dom-1.17.jar:/Users/anitageorge/.m2/repository/org/apache/xmlgraphics/batik-awt-util/1.17/batik-awt-util-1.17.jar:/Users/anitageorge/.m2/repository/org/apache/xmlgraphics/batik-gvt/1.17/batik-gvt-1.17.jar:/Users/anitageorge/.m2/repository/org/apache/xmlgraphics/batik-util/1.17/batik-util-1.17.jar:/Users/anitageorge/.m2/repository/org/apache/xmlgraphics/batik-i18n/1.17/batik-i18n-1.17.jar:/Users/anitageorge/.m2/repository/org/apache/xmlgraphics/batik-constants/1.17/batik-constants-1.17.jar:/Users/anitageorge/.m2/repository/org/apache/xmlgraphics/batik-css/1.17/batik-css-1.17.jar:/Users/anitageorge/.m2/repository/xml-apis/xml-apis-ext/1.3.04/xml-apis-ext-1.3.04.jar:/Users/anitageorge/.m2/repository/commons-beanutils/commons-beanutils/1.9.4/commons-beanutils-1.9.4.jar:/Users/anitageorge/.m2/repository/commons-collections/commons-collections/3.2.2/commons-collections-3.2.2.jar:/Users/anitageorge/.m2/repository/net/sf/jasperreports/jasperreports-pdf/7.0.1/jasperreports-pdf-7.0.1.jar:/Users/anitageorge/.m2/repository/com/github/librepdf/openpdf/1.3.32/openpdf-1.3.32.jar:/Users/anitageorge/.m2/repository/com/adobe/xmp/xmpcore/6.1.11/xmpcore-6.1.11.jar:/Users/anitageorge/.m2/repository/org/springframework/boot/spring-boot-starter-logging/3.3.5/spring-boot-starter-logging-3.3.5.jar:/Users/anitageorge/.m2/repository/ch/qos/logback/logback-classic/1.5.11/logback-classic-1.5.11.jar:/Users/anitageorge/.m2/repository/ch/qos/logback/logback-core/1.5.11/logback-core-1.5.11.jar:/Users/anitageorge/.m2/repository/org/slf4j/slf4j-api/2.0.16/slf4j-api-2.0.16.jar:/Users/anitageorge/.m2/repository/org/apache/logging/log4j/log4j-to-slf4j/2.23.1/log4j-to-slf4j-2.23.1.jar:/Users/anitageorge/.m2/repository/org/apache/logging/log4j/log4j-api/2.23.1/log4j-api-2.23.1.jar:/Users/anitageorge/.m2/repository/org/slf4j/jul-to-slf4j/2.0.16/jul-to-slf4j-2.0.16.jar:/Users/anitageorge/.m2/repository/org/springframework/boot/spring-boot-starter-test/3.3.5/spring-boot-starter-test-3.3.5.jar:/Users/anitageorge/.m2/repository/org/springframework/boot/spring-boot-test/3.3.5/spring-boot-test-3.3.5.jar:/Users/anitageorge/.m2/repository/org/springframework/boot/spring-boot-test-autoconfigure/3.3.5/spring-boot-test-autoconfigure-3.3.5.jar:/Users/anitageorge/.m2/repository/com/jayway/jsonpath/json-path/2.9.0/json-path-2.9.0.jar:/Users/anitageorge/.m2/repository/jakarta/xml/bind/jakarta.xml.bind-api/4.0.2/jakarta.xml.bind-api-4.0.2.jar:/Users/anitageorge/.m2/repository/jakarta/activation/jakarta.activation-api/2.1.3/jakarta.activation-api-2.1.3.jar:/Users/anitageorge/.m2/repository/net/minidev/json-smart/2.5.1/json-smart-2.5.1.jar:/Users/anitageorge/.m2/repository/net/minidev/accessors-smart/2.5.1/accessors-smart-2.5.1.jar:/Users/anitageorge/.m2/repository/org/ow2/asm/asm/9.6/asm-9.6.jar:/Users/anitageorge/.m2/repository/org/assertj/assertj-core/3.25.3/assertj-core-3.25.3.jar:/Users/anitageorge/.m2/repository/net/bytebuddy/byte-buddy/1.14.19/byte-buddy-1.14.19.jar:/Users/anitageorge/.m2/repository/org/awaitility/awaitility/4.2.2/awaitility-4.2.2.jar:/Users/anitageorge/.m2/repository/org/hamcrest/hamcrest/2.2/hamcrest-2.2.jar:/Users/anitageorge/.m2/repository/org/junit/jupiter/junit-jupiter/5.10.5/junit-jupiter-5.10.5.jar:/Users/anitageorge/.m2/repository/org/junit/jupiter/junit-jupiter-api/5.10.5/junit-jupiter-api-5.10.5.jar:/Users/anitageorge/.m2/repository/org/opentest4j/opentest4j/1.3.0/opentest4j-1.3.0.jar:/Users/anitageorge/.m2/repository/org/junit/platform/junit-platform-commons/1.10.5/junit-platform-commons-1.10.5.jar:/Users/anitageorge/.m2/repository/org/apiguardian/apiguardian-api/1.1.2/apiguardian-api-1.1.2.jar:/Users/anitageorge/.m2/repository/org/junit/jupiter/junit-jupiter-params/5.10.5/junit-jupiter-params-5.10.5.jar:/Users/anitageorge/.m2/repository/org/junit/jupiter/junit-jupiter-engine/5.10.5/junit-jupiter-engine-5.10.5.jar:/Users/anitageorge/.m2/repository/org/junit/platform/junit-platform-engine/1.10.5/junit-platform-engine-1.10.5.jar:/Users/anitageorge/.m2/repository/org/mockito/mockito-core/5.11.0/mockito-core-5.11.0.jar:/Users/anitageorge/.m2/repository/net/bytebuddy/byte-buddy-agent/1.14.19/byte-buddy-agent-1.14.19.jar:/Users/anitageorge/.m2/repository/org/objenesis/objenesis/3.3/objenesis-3.3.jar:/Users/anitageorge/.m2/repository/org/mockito/mockito-junit-jupiter/5.11.0/mockito-junit-jupiter-5.11.0.jar:/Users/anitageorge/.m2/repository/org/skyscreamer/jsonassert/1.5.3/jsonassert-1.5.3.jar:/Users/anitageorge/.m2/repository/com/vaadin/external/google/android-json/0.0.20131108.vaadin1/android-json-0.0.20131108.vaadin1.jar:/Users/anitageorge/.m2/repository/org/springframework/spring-core/6.1.14/spring-core-6.1.14.jar:/Users/anitageorge/.m2/repository/org/springframework/spring-jcl/6.1.14/spring-jcl-6.1.14.jar:/Users/anitageorge/.m2/repository/org/springframework/spring-test/6.1.14/spring-test-6.1.14.jar:/Users/anitageorge/.m2/repository/org/xmlunit/xmlunit-core/2.9.1/xmlunit-core-2.9.1.jar:"/>
    <property name="sun.cpu.endian" value="little"/>
    <property name="user.home" value="/Users/anitageorge"/>
    <property name="user.language" value="en"/>
    <property name="java.specification.vendor" value="Oracle Corporation"/>
    <property name="java.version.date" value="2024-10-15"/>
    <property name="java.home" value="/Users/anitageorge/Library/Java/JavaVirtualMachines/openjdk-23.0.1/Contents/Home"/>
    <property name="file.separator" value="/"/>
    <property name="basedir" value="/Users/anitageorge/Downloads/JAVA/Gitlab/Invoicer"/>
    <property name="java.vm.compressedOopsMode" value="Zero based"/>
    <property name="line.separator" value="&#10;"/>
    <property name="java.vm.specification.vendor" value="Oracle Corporation"/>
    <property name="java.specification.name" value="Java Platform API Specification"/>
    <property name="FILE_LOG_CHARSET" value="UTF-8"/>
    <property name="java.awt.headless" value="true"/>
    <property name="apple.awt.application.name" value="ForkedBooter"/>
    <property name="surefire.real.class.path" value="/Users/anitageorge/Downloads/JAVA/Gitlab/Invoicer/target/surefire/surefirebooter-20241106153356102_3.jar"/>
    <property name="sun.management.compiler" value="HotSpot 64-Bit Tiered Compilers"/>
    <property name="ftp.nonProxyHosts" value="local|*.local|169.254/16|*.169.254/16"/>
    <property name="java.runtime.version" value="23.0.1+11-39"/>
    <property name="user.name" value="anitageorge"/>
    <property name="stdout.encoding" value="UTF-8"/>
    <property name="path.separator" value=":"/>
    <property name="os.version" value="15.0.1"/>
    <property name="java.runtime.name" value="OpenJDK Runtime Environment"/>
    <property name="file.encoding" value="UTF-8"/>
    <property name="java.vm.name" value="OpenJDK 64-Bit Server VM"/>
    <property name="localRepository" value="/Users/anitageorge/.m2/repository"/>
    <property name="java.vendor.url.bug" value="https://bugreport.java.com/bugreport/"/>
    <property name="java.io.tmpdir" value="/var/folders/m9/r4l_7rv56w130kv2tv5qhn2r0000gn/T/"/>
    <property name="idea.version" value="2024.2.4"/>
    <property name="java.version" value="23.0.1"/>
    <property name="user.dir" value="/Users/anitageorge/Downloads/JAVA/Gitlab/Invoicer"/>
    <property name="os.arch" value="aarch64"/>
    <property name="java.vm.specification.name" value="Java Virtual Machine Specification"/>
    <property name="PID" value="6669"/>
    <property name="CONSOLE_LOG_CHARSET" value="UTF-8"/>
    <property name="native.encoding" value="UTF-8"/>
    <property name="java.library.path" value="/Users/anitageorge/Library/Java/Extensions:/Library/Java/Extensions:/Network/Library/Java/Extensions:/System/Library/Java/Extensions:/usr/lib/java:."/>
    <property name="java.vm.info" value="mixed mode, sharing"/>
    <property name="stderr.encoding" value="UTF-8"/>
    <property name="java.vendor" value="Oracle Corporation"/>
    <property name="java.vm.version" value="23.0.1+11-39"/>
    <property name="sun.io.unicode.encoding" value="UnicodeBig"/>
    <property name="socksNonProxyHosts" value="local|*.local|169.254/16|*.169.254/16"/>
    <property name="java.class.version" value="67.0"/>
    <property name="LOGGED_APPLICATION_NAME" value="[InvoiceMaster] "/>
  </properties>
  <testcase name="contextLoads" classname="com.billingsystem.InvoiceMaster.InvoiceMasterApplicationTests" time="0.385">
    <system-out><![CDATA[Standard Commons Logging discovery in action with spring-jcl: please remove commons-logging.jar from classpath in order to avoid potential conflicts
15:33:56.416 [main] INFO org.springframework.test.context.support.AnnotationConfigContextLoaderUtils -- Could not detect default configuration classes for test class [com.billingsystem.InvoiceMaster.InvoiceMasterApplicationTests]: InvoiceMasterApplicationTests does not declare any static, non-private, non-final, nested classes annotated with @Configuration.
15:33:56.456 [main] INFO org.springframework.boot.test.context.SpringBootTestContextBootstrapper -- Found @SpringBootConfiguration com.billingsystem.InvoiceMaster.InvoiceMasterApplication for test class com.billingsystem.InvoiceMaster.InvoiceMasterApplicationTests

  .   ____          _            __ _ _
 /\\ / ___'_ __ _ _(_)_ __  __ _ \ \ \ \
( ( )\___ | '_ | '_| | '_ \/ _` | \ \ \ \
 \\/  ___)| |_)| | | | | || (_| |  ) ) ) )
  '  |____| .__|_| |_|_| |_\__, | / / / /
 =========|_|==============|___/=/_/_/_/

 :: Spring Boot ::                (v3.3.5)

2024-11-06T15:33:56.600+05:30  INFO 6669 --- [InvoiceMaster] [           main] c.b.I.InvoiceMasterApplicationTests      : Starting InvoiceMasterApplicationTests using Java 23.0.1 with PID 6669 (started by anitageorge in /Users/anitageorge/Downloads/JAVA/Gitlab/Invoicer)
2024-11-06T15:33:56.601+05:30  INFO 6669 --- [InvoiceMaster] [           main] c.b.I.InvoiceMasterApplicationTests      : No active profile set, falling back to 1 default profile: "default"
2024-11-06T15:33:56.994+05:30  INFO 6669 --- [InvoiceMaster] [           main] c.b.I.InvoiceMasterApplicationTests      : Started InvoiceMasterApplicationTests in 0.489 seconds (process running for 0.847)
]]></system-out>
    <system-err><![CDATA[WARNING: A Java agent has been loaded dynamically (/Users/anitageorge/.m2/repository/net/bytebuddy/byte-buddy-agent/1.14.19/byte-buddy-agent-1.14.19.jar)
WARNING: If a serviceability tool is in use, please run with -XX:+EnableDynamicAgentLoading to hide this warning
WARNING: If a serviceability tool is not in use, please run with -Djdk.instrument.traceUsage for more information
WARNING: Dynamic loading of agents will be disallowed by default in a future release
]]></system-err>
  </testcase>
</testsuite>